Build started 07-Feb-18 12:59:59 PM.
     1>Project "E:\SSDData\OneDrive\6th Semester\Software Construction\Lab\Lab1\MatrixClient1\MatrixClient\MatrixClient.vcxproj" on node 2 (Build target(s)).
     1>ClCompile:
         C:\Program Files (x86)\Microsoft Visual Studio 14.0\VC\bin\CL.exe /c /I"E:\SSDData\OneDrive\6th Semester\Software Construction\Lab\Lab1\MatrixClient1\MatrixLib" /ZI /nologo /W3 /WX- /sdl /Od /Oy- /D WIN32 /D _DEBUG /D _CONSOLE /D _UNICODE /D UNICODE /Gm /EHsc /RTC1 /MDd /GS /fp:precise /Zc:wchar_t /Zc:forScope /Zc:inline /Yc"stdafx.h" /Fp"Debug\MatrixClient.pch" /Fo"Debug\\" /Fd"Debug\vc140.pdb" /Gd /TP /analyze- /errorReport:prompt stdafx.cpp
         stdafx.cpp
         C:\Program Files (x86)\Microsoft Visual Studio 14.0\VC\bin\CL.exe /c /I"E:\SSDData\OneDrive\6th Semester\Software Construction\Lab\Lab1\MatrixClient1\MatrixLib" /ZI /nologo /W3 /WX- /sdl /Od /Oy- /D WIN32 /D _DEBUG /D _CONSOLE /D _UNICODE /D UNICODE /Gm /EHsc /RTC1 /MDd /GS /fp:precise /Zc:wchar_t /Zc:forScope /Zc:inline /Yu"stdafx.h" /Fp"Debug\MatrixClient.pch" /Fo"Debug\\" /Fd"Debug\vc140.pdb" /Gd /TP /analyze- /errorReport:prompt MatrixClient.cpp
         MatrixClient.cpp
     1>e:\ssddata\onedrive\6th semester\software construction\lab\lab1\matrixclient1\matrixlib\matrixlib.h(5): error C2871: 'System': a namespace with this name does not exist
     1>e:\ssddata\onedrive\6th semester\software construction\lab\lab1\matrixclient1\matrixlib\matrixlib.h(9): error C2059: syntax error: 'public'
     1>e:\ssddata\onedrive\6th semester\software construction\lab\lab1\matrixclient1\matrixlib\matrixlib.h(10): error C2143: syntax error: missing ';' before '{'
     1>e:\ssddata\onedrive\6th semester\software construction\lab\lab1\matrixclient1\matrixlib\matrixlib.h(10): error C2447: '{': missing function header (old-style formal list?)
     1>e:\ssddata\onedrive\6th semester\software construction\lab\lab1\matrixclient1\matrixclient\matrixclient.cpp(11): error C2039: 'Class1': is not a member of 'MatrixLib'
         e:\ssddata\onedrive\6th semester\software construction\lab\lab1\matrixclient1\matrixlib\matrixlib.h(7): note: see declaration of 'MatrixLib'
     1>e:\ssddata\onedrive\6th semester\software construction\lab\lab1\matrixclient1\matrixclient\matrixclient.cpp(11): error C2065: 'Class1': undeclared identifier
     1>e:\ssddata\onedrive\6th semester\software construction\lab\lab1\matrixclient1\matrixclient\matrixclient.cpp(11): error C2146: syntax error: missing ';' before identifier 'v'
     1>e:\ssddata\onedrive\6th semester\software construction\lab\lab1\matrixclient1\matrixclient\matrixclient.cpp(11): error C2065: 'v': undeclared identifier
     1>Done Building Project "E:\SSDData\OneDrive\6th Semester\Software Construction\Lab\Lab1\MatrixClient1\MatrixClient\MatrixClient.vcxproj" (Build target(s)) -- FAILED.

Build FAILED.

Time Elapsed 00:00:00.79
